<?xml version="1.0" encoding="UTF-8"?>
<!-- Generated by org.testng.reporters.JUnitXMLReporter -->
<testsuite ignored="4" hostname="DESKTOP-T29RGA0" failures="0" tests="6" name="Test" time="0.207" errors="0" timestamp="2023-02-09T15:40:57 IST">
  <testcase classname="com.ds.testBase.TestBase" name="@BeforeTest start" time="0.045">
    <failure type="java.lang.NullPointerException" message="Cannot invoke &amp;quot;org.apache.log4j.Logger.info(Object)&amp;quot; because &amp;quot;com.ds.testBase.TestBase.logger&amp;quot; is null">
      <![CDATA[java.lang.NullPointerException: Cannot invoke "org.apache.log4j.Logger.info(Object)" because "com.ds.testBase.TestBase.logger" is null
at com.ds.testBase.TestBase.start(TestBase.java:46)
... Removed 22 stack frames]]>
    </failure>
  </testcase> <!-- @BeforeTest start -->
  <testcase classname="com.ds.testBase.TestBase" name="@BeforeMethod setUp" time="-1.675937457762E9">
    <skipped/>
  </testcase> <!-- @BeforeMethod setUp -->
  <testcase classname="com.ds.testBase.TestBase" name="@AfterMethod tearDown" time="-1.675937457778E9">
    <skipped/>
  </testcase> <!-- @AfterMethod tearDown -->
  <testcase classname="com.ds.testBase.TestBase" name="@BeforeMethod setUp" time="-1.675937457788E9">
    <skipped/>
  </testcase> <!-- @BeforeMethod setUp -->
  <testcase classname="com.ds.testBase.TestBase" name="@AfterMethod tearDown" time="-1.6759374578E9">
    <skipped/>
  </testcase> <!-- @AfterMethod tearDown -->
  <testcase classname="com.ds.testBase.TestBase" name="@BeforeMethod setUp" time="-1.675937457802E9">
    <skipped/>
  </testcase> <!-- @BeforeMethod setUp -->
  <testcase classname="com.ds.testBase.TestBase" name="@AfterMethod tearDown" time="-1.675937457817E9">
    <skipped/>
  </testcase> <!-- @AfterMethod tearDown -->
  <testcase classname="com.ds.testBase.TestBase" name="@BeforeMethod setUp" time="-1.675937457819E9">
    <skipped/>
  </testcase> <!-- @BeforeMethod setUp -->
  <testcase classname="com.ds.testBase.TestBase" name="@AfterMethod tearDown" time="-1.675937457827E9">
    <skipped/>
  </testcase> <!-- @AfterMethod tearDown -->
  <testcase classname="com.ds.testBase.TestBase" name="@BeforeMethod setUp" time="-1.675937457834E9">
    <skipped/>
  </testcase> <!-- @BeforeMethod setUp -->
  <testcase classname="com.ds.testBase.TestBase" name="@AfterMethod tearDown" time="-1.675937457842E9">
    <skipped/>
  </testcase> <!-- @AfterMethod tearDown -->
  <testcase classname="com.ds.testBase.TestBase" name="@BeforeMethod setUp" time="-1.675937457845E9">
    <skipped/>
  </testcase> <!-- @BeforeMethod setUp -->
  <testcase classname="com.ds.testBase.TestBase" name="@AfterMethod tearDown" time="-1.675937457857E9">
    <skipped/>
  </testcase> <!-- @AfterMethod tearDown -->
  <testcase classname="com.ds.testBase.TestBase" name="@AfterTest end" time="-1.675937457859E9">
    <skipped/>
  </testcase> <!-- @AfterTest end -->
  <testcase classname="com.ds.testLayer.BuyFunctionalityTest" name="VerifyBuyFunctionality" time="0.0">
    <skipped/>
  </testcase> <!-- VerifyBuyFunctionality -->
  <testcase classname="com.ds.testLayer.BuyFunctionalityTest" name="VerifyBuyFunctionalitywithIntrdayCustomt" time="0.0">
    <skipped/>
  </testcase> <!-- VerifyBuyFunctionalitywithIntrdayCustomt -->
  <testcase classname="com.ds.testLayer.BuyFunctionalityTest" name="VerifyBuyFunctionalitywithIntrdayMarket" time="0.0">
    <skipped/>
  </testcase> <!-- VerifyBuyFunctionalitywithIntrdayMarket -->
  <testcase classname="com.ds.testLayer.BuyFunctionalityTest" name="VerifyBuyFunctionalitywithlongtermcustomlimit" time="0.0">
    <skipped/>
  </testcase> <!-- VerifyBuyFunctionalitywithlongtermcustomlimit -->
  <testcase classname="com.ds.testLayer.LogoutFunctionalityTest" name="verifylogoutfunctionality" time="0.0">
    <skipped/>
  </testcase> <!-- verifylogoutfunctionality -->
  <testcase classname="com.ds.testLayer.LoginPageTest" name="verifyLoginWithCorrectCred" time="0.0">
    <skipped/>
  </testcase> <!-- verifyLoginWithCorrectCred -->
  <testcase classname="com.ds.testBase.TestBase" name="@BeforeTest start" time="0.0">
    <ignored/>
  </testcase> <!-- @BeforeTest start -->
  <testcase classname="com.ds.testBase.TestBase" name="@BeforeTest start" time="0.0">
    <ignored/>
  </testcase> <!-- @BeforeTest start -->
  <testcase classname="com.ds.testBase.TestBase" name="@AfterTest end" time="0.0">
    <ignored/>
  </testcase> <!-- @AfterTest end -->
  <testcase classname="com.ds.testBase.TestBase" name="@AfterTest end" time="0.0">
    <ignored/>
  </testcase> <!-- @AfterTest end -->
</testsuite> <!-- Test -->
